2022-12-22 12:52:18,629 p=86281 u=twood5 n=ansible | PLAY [Jupiter Setup] ***************************************************************************************************************************************
2022-12-22 12:52:18,634 p=86281 u=twood5 n=ansible | TASK [Gathering Facts] *************************************************************************************************************************************
2022-12-22 12:52:22,437 p=86281 u=twood5 n=ansible | ok: [jupiter]
2022-12-22 12:52:22,448 p=86281 u=twood5 n=ansible | TASK [Install basic dependencies] **************************************************************************************************************************
2022-12-22 12:52:23,795 p=86281 u=twood5 n=ansible | ok: [jupiter]
2022-12-22 12:52:23,800 p=86281 u=twood5 n=ansible | TASK [Add docker apt key] **********************************************************************************************************************************
2022-12-22 12:52:24,664 p=86281 u=twood5 n=ansible | changed: [jupiter]
2022-12-22 12:52:24,669 p=86281 u=twood5 n=ansible | TASK [Add docker repo] *************************************************************************************************************************************
2022-12-22 12:52:25,480 p=86281 u=twood5 n=ansible | ok: [jupiter]
2022-12-22 12:52:25,486 p=86281 u=twood5 n=ansible | TASK [Install docker and dependencies] *********************************************************************************************************************
2022-12-22 12:52:26,580 p=86281 u=twood5 n=ansible | ok: [jupiter]
2022-12-22 12:52:26,588 p=86281 u=twood5 n=ansible | TASK [Ensure Docker is running] ****************************************************************************************************************************
2022-12-22 12:52:27,404 p=86281 u=twood5 n=ansible | ok: [jupiter]
2022-12-22 12:52:27,416 p=86281 u=twood5 n=ansible | TASK [Ensure user in docker group] *************************************************************************************************************************
2022-12-22 12:52:28,056 p=86281 u=twood5 n=ansible | ok: [jupiter]
2022-12-22 12:52:28,065 p=86281 u=twood5 n=ansible | TASK [Enable ssh] ******************************************************************************************************************************************
2022-12-22 12:52:29,092 p=86281 u=twood5 n=ansible | ok: [jupiter]
2022-12-22 12:52:29,106 p=86281 u=twood5 n=ansible | TASK [Create Zpool] ****************************************************************************************************************************************
2022-12-22 12:52:29,871 p=86281 u=twood5 n=ansible | ok: [jupiter]
2022-12-22 12:52:29,884 p=86281 u=twood5 n=ansible | TASK [Create Ravencoin Blockchain Storage] *****************************************************************************************************************
2022-12-22 12:52:30,508 p=86281 u=twood5 n=ansible | changed: [jupiter]
2022-12-22 12:52:30,520 p=86281 u=twood5 n=ansible | TASK [Add rave group] **************************************************************************************************************************************
2022-12-22 12:52:31,202 p=86281 u=twood5 n=ansible | ok: [jupiter]
2022-12-22 12:52:31,215 p=86281 u=twood5 n=ansible | TASK [Add raven user] **************************************************************************************************************************************
2022-12-22 12:52:31,799 p=86281 u=twood5 n=ansible | ok: [jupiter]
2022-12-22 12:52:31,811 p=86281 u=twood5 n=ansible | TASK [Download] ********************************************************************************************************************************************
2022-12-22 12:52:33,932 p=86281 u=twood5 n=ansible | changed: [jupiter]
2022-12-22 12:52:33,941 p=86281 u=twood5 n=ansible | TASK [Extract Raven archive] *******************************************************************************************************************************
2022-12-22 12:52:36,863 p=86281 u=twood5 n=ansible | skipping: [jupiter]
2022-12-22 12:52:36,875 p=86281 u=twood5 n=ansible | TASK [Link raven-cli] **************************************************************************************************************************************
2022-12-22 12:52:37,473 p=86281 u=twood5 n=ansible | ok: [jupiter]
2022-12-22 12:52:37,485 p=86281 u=twood5 n=ansible | TASK [Link ravend] *****************************************************************************************************************************************
2022-12-22 12:52:38,018 p=86281 u=twood5 n=ansible | ok: [jupiter]
2022-12-22 12:52:38,041 p=86281 u=twood5 n=ansible | PLAY RECAP *************************************************************************************************************************************************
2022-12-22 12:52:38,041 p=86281 u=twood5 n=ansible | jupiter                    : ok=15   changed=3    unreachable=0    failed=0    skipped=1    rescued=0    ignored=0   
2022-12-22 13:05:29,933 p=89648 u=twood5 n=ansiblelint | Guessed /Users/twood5/git-work/personal/ansible-playbooks as project root directory
2022-12-22 13:05:30,432 p=89648 u=twood5 n=ansiblelint.utils | Overriding detected file kind 'yaml' with 'playbook' for given positional argument: /Users/twood5/git-work/personal/ansible-playbooks/jupiter.yaml
2022-12-22 13:05:30,780 p=89655 u=twood5 n=ansible | [WARNING]: Could not match supplied host pattern, ignoring: jupiter

2022-12-22 13:05:30,781 p=89655 u=twood5 n=ansible | playbook: jupiter.yaml
2022-12-22 13:05:37,714 p=89679 u=twood5 n=ansiblelint | Guessed /Users/twood5/git-work/personal/ansible-playbooks as project root directory
2022-12-22 13:05:38,175 p=89679 u=twood5 n=ansiblelint.utils | Overriding detected file kind 'yaml' with 'playbook' for given positional argument: /Users/twood5/git-work/personal/ansible-playbooks/jupiter.yaml
2022-12-22 13:05:38,492 p=89685 u=twood5 n=ansible | [WARNING]: Could not match supplied host pattern, ignoring: jupiter

2022-12-22 13:05:38,492 p=89685 u=twood5 n=ansible | playbook: jupiter.yaml
2022-12-22 13:09:40,538 p=90938 u=twood5 n=ansible | PLAY [Jupiter Setup] ***************************************************************************************************************************************
2022-12-22 13:09:40,544 p=90938 u=twood5 n=ansible | TASK [Gathering Facts] *************************************************************************************************************************************
2022-12-22 13:09:46,115 p=90938 u=twood5 n=ansible | ok: [jupiter]
2022-12-22 13:09:46,126 p=90938 u=twood5 n=ansible | TASK [raven-node : Add rave group] *************************************************************************************************************************
2022-12-22 13:09:46,721 p=90938 u=twood5 n=ansible | ok: [jupiter]
2022-12-22 13:09:46,734 p=90938 u=twood5 n=ansible | TASK [raven-node : Add raven user] *************************************************************************************************************************
2022-12-22 13:09:47,385 p=90938 u=twood5 n=ansible | ok: [jupiter]
2022-12-22 13:09:47,397 p=90938 u=twood5 n=ansible | TASK [raven-node : Download] *******************************************************************************************************************************
2022-12-22 13:09:49,816 p=90938 u=twood5 n=ansible | changed: [jupiter]
2022-12-22 13:09:49,831 p=90938 u=twood5 n=ansible | TASK [raven-node : Extract Raven archive] ******************************************************************************************************************
2022-12-22 13:09:52,485 p=90938 u=twood5 n=ansible | skipping: [jupiter]
2022-12-22 13:09:52,498 p=90938 u=twood5 n=ansible | TASK [raven-node : Link raven-cli] *************************************************************************************************************************
2022-12-22 13:09:53,202 p=90938 u=twood5 n=ansible | ok: [jupiter]
2022-12-22 13:09:53,209 p=90938 u=twood5 n=ansible | TASK [raven-node : Link ravend] ****************************************************************************************************************************
2022-12-22 13:09:53,721 p=90938 u=twood5 n=ansible | ok: [jupiter]
2022-12-22 13:09:53,742 p=90938 u=twood5 n=ansible | TASK [Install basic dependencies] **************************************************************************************************************************
2022-12-22 13:09:54,847 p=90938 u=twood5 n=ansible | ok: [jupiter]
2022-12-22 13:09:54,860 p=90938 u=twood5 n=ansible | TASK [Add docker apt key] **********************************************************************************************************************************
2022-12-22 13:09:55,646 p=90938 u=twood5 n=ansible | changed: [jupiter]
2022-12-22 13:09:55,659 p=90938 u=twood5 n=ansible | TASK [Add docker repo] *************************************************************************************************************************************
2022-12-22 13:09:56,515 p=90938 u=twood5 n=ansible | ok: [jupiter]
2022-12-22 13:09:56,529 p=90938 u=twood5 n=ansible | TASK [Install docker and dependencies] *********************************************************************************************************************
2022-12-22 13:09:57,937 p=90938 u=twood5 n=ansible | ok: [jupiter]
2022-12-22 13:09:57,948 p=90938 u=twood5 n=ansible | TASK [Ensure Docker is running] ****************************************************************************************************************************
2022-12-22 13:09:59,095 p=90938 u=twood5 n=ansible | ok: [jupiter]
2022-12-22 13:09:59,102 p=90938 u=twood5 n=ansible | TASK [Ensure user in docker group] *************************************************************************************************************************
2022-12-22 13:09:59,785 p=90938 u=twood5 n=ansible | ok: [jupiter]
2022-12-22 13:09:59,791 p=90938 u=twood5 n=ansible | TASK [Enable ssh] ******************************************************************************************************************************************
2022-12-22 13:10:00,466 p=90938 u=twood5 n=ansible | ok: [jupiter]
2022-12-22 13:10:00,472 p=90938 u=twood5 n=ansible | TASK [Create Zpool] ****************************************************************************************************************************************
2022-12-22 13:10:01,045 p=90938 u=twood5 n=ansible | ok: [jupiter]
2022-12-22 13:10:01,050 p=90938 u=twood5 n=ansible | TASK [Create Ravencoin Blockchain Storage] *****************************************************************************************************************
2022-12-22 13:10:01,763 p=90938 u=twood5 n=ansible | changed: [jupiter]
2022-12-22 13:10:01,769 p=90938 u=twood5 n=ansible | TASK [Add rave group] **************************************************************************************************************************************
2022-12-22 13:10:02,268 p=90938 u=twood5 n=ansible | ok: [jupiter]
2022-12-22 13:10:02,275 p=90938 u=twood5 n=ansible | TASK [Add raven user] **************************************************************************************************************************************
2022-12-22 13:10:02,853 p=90938 u=twood5 n=ansible | ok: [jupiter]
2022-12-22 13:10:02,858 p=90938 u=twood5 n=ansible | TASK [Download] ********************************************************************************************************************************************
2022-12-22 13:10:04,822 p=90938 u=twood5 n=ansible | changed: [jupiter]
2022-12-22 13:10:04,828 p=90938 u=twood5 n=ansible | TASK [Extract Raven archive] *******************************************************************************************************************************
2022-12-22 13:10:07,188 p=90938 u=twood5 n=ansible | skipping: [jupiter]
2022-12-22 13:10:07,193 p=90938 u=twood5 n=ansible | TASK [Link raven-cli] **************************************************************************************************************************************
2022-12-22 13:10:07,687 p=90938 u=twood5 n=ansible | ok: [jupiter]
2022-12-22 13:10:07,694 p=90938 u=twood5 n=ansible | TASK [Link ravend] *****************************************************************************************************************************************
2022-12-22 13:10:08,191 p=90938 u=twood5 n=ansible | ok: [jupiter]
2022-12-22 13:10:08,201 p=90938 u=twood5 n=ansible | PLAY RECAP *************************************************************************************************************************************************
2022-12-22 13:10:08,201 p=90938 u=twood5 n=ansible | jupiter                    : ok=20   changed=4    unreachable=0    failed=0    skipped=2    rescued=0    ignored=0   
2022-12-22 13:10:59,426 p=91498 u=twood5 n=ansiblelint | Guessed /Users/twood5/git-work/personal/ansible-playbooks as project root directory
2022-12-22 13:10:59,922 p=91498 u=twood5 n=ansiblelint.utils | Overriding detected file kind 'yaml' with 'playbook' for given positional argument: /Users/twood5/git-work/personal/ansible-playbooks/jupiter.yaml
2022-12-22 13:11:00,270 p=91504 u=twood5 n=ansible | [WARNING]: Could not match supplied host pattern, ignoring: jupiter

2022-12-22 13:11:00,270 p=91504 u=twood5 n=ansible | playbook: jupiter.yaml
2022-12-22 13:34:46,990 p=94651 u=twood5 n=ansiblelint | Guessed /Users/twood5/git-work/personal/ansible-playbooks as project root directory
2022-12-22 13:34:47,505 p=94651 u=twood5 n=ansiblelint.utils | Overriding detected file kind 'yaml' with 'playbook' for given positional argument: /Users/twood5/git-work/personal/ansible-playbooks/jupiter.yaml
2022-12-22 13:34:47,883 p=94663 u=twood5 n=ansible | [WARNING]: Could not match supplied host pattern, ignoring: jupiter

2022-12-22 13:34:47,883 p=94663 u=twood5 n=ansible | playbook: jupiter.yaml
2022-12-22 13:34:48,017 p=94651 u=twood5 n=ansiblelint._internal.rules | Ignored exception from ComparisonToLiteralBoolRule.<bound method AnsibleLintRule.matchtasks of literal-compare: Don't compare to literal True/False.> while processing jupiter.yaml (playbook): 'NoneType' object is not iterable
2022-12-22 13:37:51,387 p=95213 u=twood5 n=ansiblelint | Guessed /Users/twood5/git-work/personal/ansible-playbooks as project root directory
2022-12-22 13:37:51,882 p=95213 u=twood5 n=ansiblelint.utils | Overriding detected file kind 'yaml' with 'playbook' for given positional argument: /Users/twood5/git-work/personal/ansible-playbooks/jupiter.yaml
2022-12-22 13:37:52,228 p=95219 u=twood5 n=ansible | [WARNING]: Could not match supplied host pattern, ignoring: jupiter

2022-12-22 13:37:52,228 p=95219 u=twood5 n=ansible | playbook: jupiter.yaml
2022-12-22 13:38:45,076 p=95303 u=twood5 n=ansiblelint | Guessed /Users/twood5/git-work/personal/ansible-playbooks as project root directory
2022-12-22 13:38:45,564 p=95303 u=twood5 n=ansiblelint.utils | Overriding detected file kind 'yaml' with 'playbook' for given positional argument: /Users/twood5/git-work/personal/ansible-playbooks/jupiter.yaml
2022-12-22 13:38:45,904 p=95318 u=twood5 n=ansible | [WARNING]: Could not match supplied host pattern, ignoring: jupiter

2022-12-22 13:38:45,904 p=95318 u=twood5 n=ansible | playbook: jupiter.yaml
2022-12-22 13:38:56,888 p=95351 u=twood5 n=ansiblelint | Guessed /Users/twood5/git-work/personal/ansible-playbooks as project root directory
2022-12-22 13:38:57,345 p=95351 u=twood5 n=ansiblelint.utils | Overriding detected file kind 'yaml' with 'playbook' for given positional argument: /Users/twood5/git-work/personal/ansible-playbooks/jupiter.yaml
2022-12-22 13:38:57,657 p=95357 u=twood5 n=ansible | [WARNING]: Could not match supplied host pattern, ignoring: jupiter

2022-12-22 13:38:57,658 p=95357 u=twood5 n=ansible | playbook: jupiter.yaml
2022-12-22 13:43:42,830 p=96019 u=twood5 n=ansiblelint | Guessed /Users/twood5/git-work/personal/ansible-playbooks as project root directory
2022-12-22 13:43:43,316 p=96019 u=twood5 n=ansiblelint.utils | Overriding detected file kind 'yaml' with 'playbook' for given positional argument: /Users/twood5/git-work/personal/ansible-playbooks/jupiter.yaml
2022-12-22 13:43:43,668 p=96028 u=twood5 n=ansible | ERROR! no module/action detected in task.

The error appears to be in '/Users/twood5/git-work/personal/ansible-playbooks/jupiter.yaml': line 46, column 11, but may
be elsewhere in the file depending on the exact syntax problem.

The offending line appears to be:

      block:
        - name: Create elw
          ^ here

2022-12-22 13:46:30,886 p=96328 u=twood5 n=ansiblelint | Guessed /Users/twood5/git-work/personal/ansible-playbooks as project root directory
2022-12-22 13:46:31,373 p=96328 u=twood5 n=ansiblelint.utils | Overriding detected file kind 'yaml' with 'playbook' for given positional argument: /Users/twood5/git-work/personal/ansible-playbooks/jupiter.yaml
2022-12-22 13:46:31,714 p=96335 u=twood5 n=ansible | [WARNING]: Could not match supplied host pattern, ignoring: jupiter

2022-12-22 13:46:31,715 p=96335 u=twood5 n=ansible | playbook: jupiter.yaml
2022-12-22 13:46:39,865 p=96352 u=twood5 n=ansiblelint | Guessed /Users/twood5/git-work/personal/ansible-playbooks as project root directory
2022-12-22 13:46:40,326 p=96352 u=twood5 n=ansiblelint.utils | Overriding detected file kind 'yaml' with 'playbook' for given positional argument: /Users/twood5/git-work/personal/ansible-playbooks/jupiter.yaml
2022-12-22 13:46:40,642 p=96358 u=twood5 n=ansible | [WARNING]: Could not match supplied host pattern, ignoring: jupiter

2022-12-22 13:46:40,643 p=96358 u=twood5 n=ansible | playbook: jupiter.yaml
2022-12-22 13:47:09,529 p=96396 u=twood5 n=ansiblelint | Guessed /Users/twood5/git-work/personal/ansible-playbooks as project root directory
2022-12-22 13:47:09,992 p=96396 u=twood5 n=ansiblelint.utils | Overriding detected file kind 'yaml' with 'playbook' for given positional argument: /Users/twood5/git-work/personal/ansible-playbooks/jupiter.yaml
2022-12-22 13:47:17,732 p=96416 u=twood5 n=ansiblelint | Guessed /Users/twood5/git-work/personal/ansible-playbooks as project root directory
2022-12-22 13:47:18,202 p=96416 u=twood5 n=ansiblelint.utils | Overriding detected file kind 'yaml' with 'playbook' for given positional argument: /Users/twood5/git-work/personal/ansible-playbooks/jupiter.yaml
2022-12-22 13:47:18,525 p=96422 u=twood5 n=ansible | ERROR! no module/action detected in task.

The error appears to be in '/Users/twood5/git-work/personal/ansible-playbooks/jupiter.yaml': line 49, column 7, but may
be elsewhere in the file depending on the exact syntax problem.

The offending line appears to be:

      loop: "{{ local_users }}"
    - name: Add local users to docker group
      ^ here

2022-12-22 13:49:17,205 p=96738 u=twood5 n=ansiblelint | Guessed /Users/twood5/git-work/personal/ansible-playbooks as project root directory
2022-12-22 13:49:17,706 p=96738 u=twood5 n=ansiblelint.utils | Overriding detected file kind 'yaml' with 'playbook' for given positional argument: /Users/twood5/git-work/personal/ansible-playbooks/jupiter.yaml
2022-12-22 13:49:18,038 p=96747 u=twood5 n=ansible | [WARNING]: Could not match supplied host pattern, ignoring: jupiter

2022-12-22 13:49:18,038 p=96747 u=twood5 n=ansible | playbook: jupiter.yaml
2022-12-22 13:50:45,663 p=97556 u=twood5 n=ansiblelint | Guessed /Users/twood5/git-work/personal/ansible-playbooks as project root directory
2022-12-22 13:50:46,152 p=97556 u=twood5 n=ansiblelint.utils | Overriding detected file kind 'yaml' with 'playbook' for given positional argument: /Users/twood5/git-work/personal/ansible-playbooks/jupiter.yaml
2022-12-22 13:50:46,492 p=97563 u=twood5 n=ansible | [WARNING]: Could not match supplied host pattern, ignoring: jupiter

2022-12-22 13:50:46,492 p=97563 u=twood5 n=ansible | playbook: jupiter.yaml
2022-12-22 13:50:50,543 p=97608 u=twood5 n=ansiblelint | Guessed /Users/twood5/git-work/personal/ansible-playbooks as project root directory
2022-12-22 13:50:51,028 p=97608 u=twood5 n=ansiblelint.utils | Overriding detected file kind 'yaml' with 'playbook' for given positional argument: /Users/twood5/git-work/personal/ansible-playbooks/jupiter.yaml
2022-12-22 13:50:51,360 p=97619 u=twood5 n=ansible | [WARNING]: Could not match supplied host pattern, ignoring: jupiter

2022-12-22 13:50:51,361 p=97619 u=twood5 n=ansible | playbook: jupiter.yaml
2022-12-22 13:51:09,694 p=97662 u=twood5 n=ansiblelint | Guessed /Users/twood5/git-work/personal/ansible-playbooks as project root directory
2022-12-22 13:51:10,149 p=97662 u=twood5 n=ansiblelint.utils | Overriding detected file kind 'yaml' with 'playbook' for given positional argument: /Users/twood5/git-work/personal/ansible-playbooks/jupiter.yaml
2022-12-22 13:51:10,464 p=97669 u=twood5 n=ansible | [WARNING]: Could not match supplied host pattern, ignoring: jupiter

2022-12-22 13:51:10,465 p=97669 u=twood5 n=ansible | playbook: jupiter.yaml
2022-12-22 13:51:19,346 p=97702 u=twood5 n=ansible | PLAY [Jupiter Setup] ***************************************************************************************************************************************
2022-12-22 13:51:19,354 p=97702 u=twood5 n=ansible | TASK [Gathering Facts] *************************************************************************************************************************************
2022-12-22 13:51:24,925 p=97702 u=twood5 n=ansible | ok: [jupiter]
2022-12-22 13:51:24,938 p=97702 u=twood5 n=ansible | TASK [raven-node : Add rave group] *************************************************************************************************************************
2022-12-22 13:51:25,566 p=97702 u=twood5 n=ansible | ok: [jupiter]
2022-12-22 13:51:25,579 p=97702 u=twood5 n=ansible | TASK [raven-node : Add raven user] *************************************************************************************************************************
2022-12-22 13:51:26,229 p=97702 u=twood5 n=ansible | ok: [jupiter]
2022-12-22 13:51:26,241 p=97702 u=twood5 n=ansible | TASK [raven-node : Download] *******************************************************************************************************************************
2022-12-22 13:51:28,558 p=97702 u=twood5 n=ansible | changed: [jupiter]
2022-12-22 13:51:28,571 p=97702 u=twood5 n=ansible | TASK [raven-node : Extract Raven archive] ******************************************************************************************************************
2022-12-22 13:51:31,190 p=97702 u=twood5 n=ansible | skipping: [jupiter]
2022-12-22 13:51:31,199 p=97702 u=twood5 n=ansible | TASK [raven-node : Link raven-cli] *************************************************************************************************************************
2022-12-22 13:51:31,781 p=97702 u=twood5 n=ansible | ok: [jupiter]
2022-12-22 13:51:31,793 p=97702 u=twood5 n=ansible | TASK [raven-node : Link ravend] ****************************************************************************************************************************
2022-12-22 13:51:32,326 p=97702 u=twood5 n=ansible | ok: [jupiter]
2022-12-22 13:51:32,347 p=97702 u=twood5 n=ansible | TASK [docker : Add docker apt key] *************************************************************************************************************************
2022-12-22 13:51:33,183 p=97702 u=twood5 n=ansible | changed: [jupiter]
2022-12-22 13:51:33,196 p=97702 u=twood5 n=ansible | TASK [docker : Add docker repo] ****************************************************************************************************************************
2022-12-22 13:51:34,061 p=97702 u=twood5 n=ansible | ok: [jupiter]
2022-12-22 13:51:34,094 p=97702 u=twood5 n=ansible | TASK [docker : Install docker and dependencies] ************************************************************************************************************
2022-12-22 13:51:35,105 p=97702 u=twood5 n=ansible | ok: [jupiter]
2022-12-22 13:51:35,119 p=97702 u=twood5 n=ansible | TASK [docker : Ensure Docker is running] *******************************************************************************************************************
2022-12-22 13:51:35,941 p=97702 u=twood5 n=ansible | ok: [jupiter]
2022-12-22 13:51:35,961 p=97702 u=twood5 n=ansible | TASK [Get all groups] **************************************************************************************************************************************
2022-12-22 13:51:36,645 p=97702 u=twood5 n=ansible | ok: [jupiter]
2022-12-22 13:51:36,658 p=97702 u=twood5 n=ansible | TASK [Install basic dependencies] **************************************************************************************************************************
2022-12-22 13:51:37,646 p=97702 u=twood5 n=ansible | ok: [jupiter]
2022-12-22 13:51:37,659 p=97702 u=twood5 n=ansible | TASK [Enable ssh] ******************************************************************************************************************************************
2022-12-22 13:51:38,369 p=97702 u=twood5 n=ansible | ok: [jupiter]
2022-12-22 13:51:38,383 p=97702 u=twood5 n=ansible | TASK [Create Zpool] ****************************************************************************************************************************************
2022-12-22 13:51:38,962 p=97702 u=twood5 n=ansible | ok: [jupiter]
2022-12-22 13:51:38,975 p=97702 u=twood5 n=ansible | TASK [Create Ravencoin Blockchain Storage] *****************************************************************************************************************
2022-12-22 13:51:39,747 p=97702 u=twood5 n=ansible | changed: [jupiter]
2022-12-22 13:51:39,761 p=97702 u=twood5 n=ansible | TASK [Create local users] **********************************************************************************************************************************
2022-12-22 13:51:40,334 p=97702 u=twood5 n=ansible | ok: [jupiter] => (item=elw)
2022-12-22 13:51:40,348 p=97702 u=twood5 n=ansible | TASK [Add local users to docker group] *********************************************************************************************************************
2022-12-22 13:51:40,366 p=97702 u=twood5 n=ansible | fatal: [jupiter]: FAILED! => {"msg": "The conditional check 'docker in ansible_facts.getent_group' failed. The error was: error while evaluating conditional (docker in ansible_facts.getent_group): 'docker' is undefined\n\nThe error appears to be in '/Users/twood5/git-work/personal/ansible-playbooks/jupiter.yaml': line 50, column 7, but may\nbe elsewhere in the file depending on the exact syntax problem.\n\nThe offending line appears to be:\n\n      loop: \"{{ local_users }}\"\n    - name: Add local users to docker group\n      ^ here\n"}
2022-12-22 13:51:40,367 p=97702 u=twood5 n=ansible | PLAY RECAP *************************************************************************************************************************************************
2022-12-22 13:51:40,367 p=97702 u=twood5 n=ansible | jupiter                    : ok=16   changed=3    unreachable=0    failed=1    skipped=1    rescued=0    ignored=0   
2022-12-22 13:51:57,139 p=98083 u=twood5 n=ansiblelint | Guessed /Users/twood5/git-work/personal/ansible-playbooks as project root directory
2022-12-22 13:51:57,620 p=98083 u=twood5 n=ansiblelint.utils | Overriding detected file kind 'yaml' with 'playbook' for given positional argument: /Users/twood5/git-work/personal/ansible-playbooks/jupiter.yaml
2022-12-22 13:51:58,971 p=98100 u=twood5 n=ansiblelint | Guessed /Users/twood5/git-work/personal/ansible-playbooks as project root directory
2022-12-22 13:51:59,452 p=98100 u=twood5 n=ansiblelint.utils | Overriding detected file kind 'yaml' with 'playbook' for given positional argument: /Users/twood5/git-work/personal/ansible-playbooks/jupiter.yaml
2022-12-22 13:51:59,600 p=98110 u=twood5 n=ansiblelint | Guessed /Users/twood5/git-work/personal/ansible-playbooks as project root directory
2022-12-22 13:52:00,063 p=98110 u=twood5 n=ansiblelint.utils | Overriding detected file kind 'yaml' with 'playbook' for given positional argument: /Users/twood5/git-work/personal/ansible-playbooks/jupiter.yaml
2022-12-22 13:52:19,718 p=98139 u=twood5 n=ansiblelint | Guessed /Users/twood5/git-work/personal/ansible-playbooks as project root directory
2022-12-22 13:52:20,179 p=98139 u=twood5 n=ansiblelint.utils | Overriding detected file kind 'yaml' with 'playbook' for given positional argument: /Users/twood5/git-work/personal/ansible-playbooks/jupiter.yaml
2022-12-22 13:52:20,508 p=98145 u=twood5 n=ansible | ERROR! duplicate loop in task: items

The error appears to be in '/Users/twood5/git-work/personal/ansible-playbooks/jupiter.yaml': line 50, column 7, but may
be elsewhere in the file depending on the exact syntax problem.

The offending line appears to be:

      loop: "{{ local_users }}"
    - name: Add local users to docker group
      ^ here

2022-12-22 13:52:29,482 p=98166 u=twood5 n=ansible | ERROR! duplicate loop in task: items

The error appears to be in '/Users/twood5/git-work/personal/ansible-playbooks/jupiter.yaml': line 50, column 7, but may
be elsewhere in the file depending on the exact syntax problem.

The offending line appears to be:

      loop: "{{ local_users }}"
    - name: Add local users to docker group
      ^ here

2022-12-22 13:53:04,481 p=98378 u=twood5 n=ansiblelint | Guessed /Users/twood5/git-work/personal/ansible-playbooks as project root directory
2022-12-22 13:53:04,942 p=98378 u=twood5 n=ansiblelint.utils | Overriding detected file kind 'yaml' with 'playbook' for given positional argument: /Users/twood5/git-work/personal/ansible-playbooks/jupiter.yaml
2022-12-22 13:53:05,260 p=98384 u=twood5 n=ansible | ERROR! duplicate loop in task: items

The error appears to be in '/Users/twood5/git-work/personal/ansible-playbooks/jupiter.yaml': line 50, column 7, but may
be elsewhere in the file depending on the exact syntax problem.

The offending line appears to be:

      loop: "{{ local_users }}"
    - name: Add local users to docker group
      ^ here

2022-12-22 13:53:25,240 p=98419 u=twood5 n=ansible | ERROR! duplicate loop in task: items

The error appears to be in '/Users/twood5/git-work/personal/ansible-playbooks/jupiter.yaml': line 50, column 7, but may
be elsewhere in the file depending on the exact syntax problem.

The offending line appears to be:

      loop: "{{ local_users }}"
    - name: Add local users to docker group
      ^ here

2022-12-22 13:53:40,960 p=98561 u=twood5 n=ansiblelint | Guessed /Users/twood5/git-work/personal/ansible-playbooks as project root directory
2022-12-22 13:53:41,438 p=98561 u=twood5 n=ansiblelint.utils | Overriding detected file kind 'yaml' with 'playbook' for given positional argument: /Users/twood5/git-work/personal/ansible-playbooks/jupiter.yaml
2022-12-22 13:53:41,766 p=98567 u=twood5 n=ansible | ERROR! duplicate loop in task: items

The error appears to be in '/Users/twood5/git-work/personal/ansible-playbooks/jupiter.yaml': line 50, column 7, but may
be elsewhere in the file depending on the exact syntax problem.

The offending line appears to be:

      loop: "{{ local_users }}"
    - name: Add local users to docker group
      ^ here

2022-12-22 13:54:50,517 p=98783 u=twood5 n=ansiblelint | Guessed /Users/twood5/git-work/personal/ansible-playbooks as project root directory
2022-12-22 13:54:50,983 p=98783 u=twood5 n=ansiblelint.utils | Overriding detected file kind 'yaml' with 'playbook' for given positional argument: /Users/twood5/git-work/personal/ansible-playbooks/jupiter.yaml
2022-12-22 13:54:51,298 p=98793 u=twood5 n=ansible | [WARNING]: Could not match supplied host pattern, ignoring: jupiter

2022-12-22 13:54:51,298 p=98793 u=twood5 n=ansible | playbook: jupiter.yaml
2022-12-22 13:55:02,256 p=98820 u=twood5 n=ansiblelint | Guessed /Users/twood5/git-work/personal/ansible-playbooks as project root directory
2022-12-22 13:55:02,724 p=98820 u=twood5 n=ansiblelint.utils | Overriding detected file kind 'yaml' with 'playbook' for given positional argument: /Users/twood5/git-work/personal/ansible-playbooks/jupiter.yaml
2022-12-22 13:55:03,044 p=98826 u=twood5 n=ansible | [WARNING]: Could not match supplied host pattern, ignoring: jupiter

2022-12-22 13:55:03,045 p=98826 u=twood5 n=ansible | playbook: jupiter.yaml
2022-12-22 13:55:12,393 p=98846 u=twood5 n=ansible | PLAY [Jupiter Setup] ***************************************************************************************************************************************
2022-12-22 13:55:12,399 p=98846 u=twood5 n=ansible | TASK [Gathering Facts] *************************************************************************************************************************************
2022-12-22 13:55:15,646 p=98846 u=twood5 n=ansible | ok: [jupiter]
2022-12-22 13:55:15,656 p=98846 u=twood5 n=ansible | TASK [raven-node : Add rave group] *************************************************************************************************************************
2022-12-22 13:55:16,180 p=98846 u=twood5 n=ansible | ok: [jupiter]
2022-12-22 13:55:16,186 p=98846 u=twood5 n=ansible | TASK [raven-node : Add raven user] *************************************************************************************************************************
2022-12-22 13:55:16,816 p=98846 u=twood5 n=ansible | ok: [jupiter]
2022-12-22 13:55:16,828 p=98846 u=twood5 n=ansible | TASK [raven-node : Download] *******************************************************************************************************************************
2022-12-22 13:55:19,241 p=98846 u=twood5 n=ansible | changed: [jupiter]
2022-12-22 13:55:19,253 p=98846 u=twood5 n=ansible | TASK [raven-node : Extract Raven archive] ******************************************************************************************************************
2022-12-22 13:55:21,910 p=98846 u=twood5 n=ansible | skipping: [jupiter]
2022-12-22 13:55:21,922 p=98846 u=twood5 n=ansible | TASK [raven-node : Link raven-cli] *************************************************************************************************************************
2022-12-22 13:55:22,682 p=98846 u=twood5 n=ansible | ok: [jupiter]
2022-12-22 13:55:22,697 p=98846 u=twood5 n=ansible | TASK [raven-node : Link ravend] ****************************************************************************************************************************
2022-12-22 13:55:23,234 p=98846 u=twood5 n=ansible | ok: [jupiter]
2022-12-22 13:55:23,256 p=98846 u=twood5 n=ansible | TASK [docker : Add docker apt key] *************************************************************************************************************************
2022-12-22 13:55:24,030 p=98846 u=twood5 n=ansible | changed: [jupiter]
2022-12-22 13:55:24,042 p=98846 u=twood5 n=ansible | TASK [docker : Add docker repo] ****************************************************************************************************************************
2022-12-22 13:55:24,871 p=98846 u=twood5 n=ansible | ok: [jupiter]
2022-12-22 13:55:24,883 p=98846 u=twood5 n=ansible | TASK [docker : Install docker and dependencies] ************************************************************************************************************
2022-12-22 13:55:26,209 p=98846 u=twood5 n=ansible | ok: [jupiter]
2022-12-22 13:55:26,222 p=98846 u=twood5 n=ansible | TASK [docker : Ensure Docker is running] *******************************************************************************************************************
2022-12-22 13:55:27,204 p=98846 u=twood5 n=ansible | ok: [jupiter]
2022-12-22 13:55:27,225 p=98846 u=twood5 n=ansible | TASK [Get all groups] **************************************************************************************************************************************
2022-12-22 13:55:27,831 p=98846 u=twood5 n=ansible | ok: [jupiter]
2022-12-22 13:55:27,844 p=98846 u=twood5 n=ansible | TASK [Install basic dependencies] **************************************************************************************************************************
2022-12-22 13:55:29,223 p=98846 u=twood5 n=ansible | ok: [jupiter]
2022-12-22 13:55:29,237 p=98846 u=twood5 n=ansible | TASK [Enable ssh] ******************************************************************************************************************************************
2022-12-22 13:55:29,932 p=98846 u=twood5 n=ansible | ok: [jupiter]
2022-12-22 13:55:29,945 p=98846 u=twood5 n=ansible | TASK [Create Zpool] ****************************************************************************************************************************************
2022-12-22 13:55:30,625 p=98846 u=twood5 n=ansible | ok: [jupiter]
2022-12-22 13:55:30,638 p=98846 u=twood5 n=ansible | TASK [Create Ravencoin Blockchain Storage] *****************************************************************************************************************
2022-12-22 13:55:31,244 p=98846 u=twood5 n=ansible | changed: [jupiter]
2022-12-22 13:55:31,258 p=98846 u=twood5 n=ansible | TASK [Create local users] **********************************************************************************************************************************
2022-12-22 13:55:31,272 p=98846 u=twood5 n=ansible | fatal: [jupiter]: FAILED! => {"msg": "The task includes an option with an undefined variable. The error was: 'user' is undefined\n\nThe error appears to be in '/Users/twood5/git-work/personal/ansible-playbooks/jupiter.yaml': line 44, column 7, but may\nbe elsewhere in the file depending on the exact syntax problem.\n\nThe offending line appears to be:\n\n              quota: 200G\n    - name: Create local users\n      ^ here\n"}
2022-12-22 13:55:31,273 p=98846 u=twood5 n=ansible | PLAY RECAP *************************************************************************************************************************************************
2022-12-22 13:55:31,273 p=98846 u=twood5 n=ansible | jupiter                    : ok=15   changed=3    unreachable=0    failed=1    skipped=1    rescued=0    ignored=0   
2022-12-22 13:55:43,849 p=99199 u=twood5 n=ansiblelint | Guessed /Users/twood5/git-work/personal/ansible-playbooks as project root directory
2022-12-22 13:55:44,311 p=99199 u=twood5 n=ansiblelint.utils | Overriding detected file kind 'yaml' with 'playbook' for given positional argument: /Users/twood5/git-work/personal/ansible-playbooks/jupiter.yaml
2022-12-22 13:55:44,629 p=99207 u=twood5 n=ansible | [WARNING]: Could not match supplied host pattern, ignoring: jupiter

2022-12-22 13:55:44,630 p=99207 u=twood5 n=ansible | playbook: jupiter.yaml
2022-12-22 13:55:47,276 p=99227 u=twood5 n=ansible | PLAY [Jupiter Setup] ***************************************************************************************************************************************
2022-12-22 13:55:47,281 p=99227 u=twood5 n=ansible | TASK [Gathering Facts] *************************************************************************************************************************************
2022-12-22 13:55:48,259 p=99245 u=twood5 n=ansiblelint | Guessed /Users/twood5/git-work/personal/ansible-playbooks as project root directory
2022-12-22 13:55:48,737 p=99245 u=twood5 n=ansiblelint.utils | Overriding detected file kind 'yaml' with 'playbook' for given positional argument: /Users/twood5/git-work/personal/ansible-playbooks/jupiter.yaml
2022-12-22 13:55:49,055 p=99257 u=twood5 n=ansible | [WARNING]: Could not match supplied host pattern, ignoring: jupiter

2022-12-22 13:55:49,055 p=99257 u=twood5 n=ansible | playbook: jupiter.yaml
2022-12-22 13:55:49,590 p=99227 u=twood5 n=ansible | ok: [jupiter]
2022-12-22 13:55:49,601 p=99227 u=twood5 n=ansible | TASK [raven-node : Add rave group] *************************************************************************************************************************
2022-12-22 13:55:50,167 p=99227 u=twood5 n=ansible | ok: [jupiter]
2022-12-22 13:55:50,174 p=99227 u=twood5 n=ansible | TASK [raven-node : Add raven user] *************************************************************************************************************************
2022-12-22 13:55:50,826 p=99227 u=twood5 n=ansible | ok: [jupiter]
2022-12-22 13:55:50,837 p=99227 u=twood5 n=ansible | TASK [raven-node : Download] *******************************************************************************************************************************
2022-12-22 13:55:53,100 p=99227 u=twood5 n=ansible | changed: [jupiter]
2022-12-22 13:55:53,107 p=99227 u=twood5 n=ansible | TASK [raven-node : Extract Raven archive] ******************************************************************************************************************
2022-12-22 13:55:53,341 p=99298 u=twood5 n=ansiblelint | Guessed /Users/twood5/git-work/personal/ansible-playbooks as project root directory
2022-12-22 13:55:53,807 p=99298 u=twood5 n=ansiblelint.utils | Overriding detected file kind 'yaml' with 'playbook' for given positional argument: /Users/twood5/git-work/personal/ansible-playbooks/jupiter.yaml
2022-12-22 13:55:54,125 p=99315 u=twood5 n=ansible | [WARNING]: Could not match supplied host pattern, ignoring: jupiter

2022-12-22 13:55:54,125 p=99315 u=twood5 n=ansible | playbook: jupiter.yaml
2022-12-22 13:55:55,632 p=99227 u=twood5 n=ansible | skipping: [jupiter]
2022-12-22 13:55:55,644 p=99227 u=twood5 n=ansible | TASK [raven-node : Link raven-cli] *************************************************************************************************************************
2022-12-22 13:55:56,236 p=99227 u=twood5 n=ansible | ok: [jupiter]
2022-12-22 13:55:56,248 p=99227 u=twood5 n=ansible | TASK [raven-node : Link ravend] ****************************************************************************************************************************
2022-12-22 13:55:56,771 p=99227 u=twood5 n=ansible | ok: [jupiter]
2022-12-22 13:55:56,792 p=99227 u=twood5 n=ansible | TASK [docker : Add docker apt key] *************************************************************************************************************************
2022-12-22 13:55:57,529 p=99227 u=twood5 n=ansible | changed: [jupiter]
2022-12-22 13:55:57,541 p=99227 u=twood5 n=ansible | TASK [docker : Add docker repo] ****************************************************************************************************************************
2022-12-22 13:55:58,373 p=99227 u=twood5 n=ansible | ok: [jupiter]
2022-12-22 13:55:58,386 p=99227 u=twood5 n=ansible | TASK [docker : Install docker and dependencies] ************************************************************************************************************
2022-12-22 13:55:59,710 p=99227 u=twood5 n=ansible | ok: [jupiter]
2022-12-22 13:55:59,723 p=99227 u=twood5 n=ansible | TASK [docker : Ensure Docker is running] *******************************************************************************************************************
2022-12-22 13:56:00,636 p=99227 u=twood5 n=ansible | ok: [jupiter]
2022-12-22 13:56:00,656 p=99227 u=twood5 n=ansible | TASK [Get all groups] **************************************************************************************************************************************
2022-12-22 13:56:01,241 p=99227 u=twood5 n=ansible | ok: [jupiter]
2022-12-22 13:56:01,254 p=99227 u=twood5 n=ansible | TASK [Install basic dependencies] **************************************************************************************************************************
2022-12-22 13:56:02,499 p=99227 u=twood5 n=ansible | ok: [jupiter]
2022-12-22 13:56:02,512 p=99227 u=twood5 n=ansible | TASK [Enable ssh] ******************************************************************************************************************************************
2022-12-22 13:56:03,531 p=99227 u=twood5 n=ansible | ok: [jupiter]
2022-12-22 13:56:03,544 p=99227 u=twood5 n=ansible | TASK [Create Zpool] ****************************************************************************************************************************************
2022-12-22 13:56:04,112 p=99227 u=twood5 n=ansible | ok: [jupiter]
2022-12-22 13:56:04,126 p=99227 u=twood5 n=ansible | TASK [Create Ravencoin Blockchain Storage] *****************************************************************************************************************
2022-12-22 13:56:04,749 p=99227 u=twood5 n=ansible | changed: [jupiter]
2022-12-22 13:56:04,762 p=99227 u=twood5 n=ansible | TASK [Create local users] **********************************************************************************************************************************
2022-12-22 13:56:05,334 p=99227 u=twood5 n=ansible | ok: [jupiter] => (item=elw)
2022-12-22 13:56:05,348 p=99227 u=twood5 n=ansible | TASK [Add local users to docker group] *********************************************************************************************************************
2022-12-22 13:56:05,933 p=99227 u=twood5 n=ansible | ok: [jupiter] => (item=elw)
2022-12-22 13:56:05,949 p=99227 u=twood5 n=ansible | PLAY RECAP *************************************************************************************************************************************************
2022-12-22 13:56:05,949 p=99227 u=twood5 n=ansible | jupiter                    : ok=17   changed=3    unreachable=0    failed=0    skipped=1    rescued=0    ignored=0   
2022-12-22 13:57:12,117 p=99666 u=twood5 n=ansible | PLAY [Jupiter Setup] ***************************************************************************************************************************************
2022-12-22 13:57:12,122 p=99666 u=twood5 n=ansible | TASK [Gathering Facts] *************************************************************************************************************************************
2022-12-22 13:57:15,109 p=99666 u=twood5 n=ansible | ok: [jupiter]
2022-12-22 13:57:15,118 p=99666 u=twood5 n=ansible | TASK [raven-node : Add rave group] *************************************************************************************************************************
2022-12-22 13:57:15,685 p=99666 u=twood5 n=ansible | ok: [jupiter]
2022-12-22 13:57:15,698 p=99666 u=twood5 n=ansible | TASK [raven-node : Add raven user] *************************************************************************************************************************
2022-12-22 13:57:16,348 p=99666 u=twood5 n=ansible | ok: [jupiter]
2022-12-22 13:57:16,361 p=99666 u=twood5 n=ansible | TASK [raven-node : Download] *******************************************************************************************************************************
2022-12-22 13:57:18,870 p=99666 u=twood5 n=ansible | changed: [jupiter]
2022-12-22 13:57:18,883 p=99666 u=twood5 n=ansible | TASK [raven-node : Extract Raven archive] ******************************************************************************************************************
2022-12-22 13:57:22,829 p=99666 u=twood5 n=ansible | changed: [jupiter]
2022-12-22 13:57:22,838 p=99666 u=twood5 n=ansible | TASK [raven-node : Link raven-cli] *************************************************************************************************************************
2022-12-22 13:57:23,409 p=99666 u=twood5 n=ansible | ok: [jupiter]
2022-12-22 13:57:23,415 p=99666 u=twood5 n=ansible | TASK [raven-node : Link ravend] ****************************************************************************************************************************
2022-12-22 13:57:23,933 p=99666 u=twood5 n=ansible | ok: [jupiter]
2022-12-22 13:57:23,943 p=99666 u=twood5 n=ansible | TASK [docker : Add docker apt key] *************************************************************************************************************************
2022-12-22 13:57:24,841 p=99666 u=twood5 n=ansible | ok: [jupiter]
2022-12-22 13:57:24,846 p=99666 u=twood5 n=ansible | TASK [docker : Add docker repo] ****************************************************************************************************************************
2022-12-22 13:57:25,858 p=99666 u=twood5 n=ansible | ok: [jupiter]
2022-12-22 13:57:25,865 p=99666 u=twood5 n=ansible | TASK [docker : Install docker and dependencies] ************************************************************************************************************
2022-12-22 13:57:27,670 p=99666 u=twood5 n=ansible | ok: [jupiter]
2022-12-22 13:57:27,683 p=99666 u=twood5 n=ansible | TASK [docker : Ensure Docker is running] *******************************************************************************************************************
2022-12-22 13:57:28,614 p=99666 u=twood5 n=ansible | ok: [jupiter]
2022-12-22 13:57:28,634 p=99666 u=twood5 n=ansible | TASK [Get all groups] **************************************************************************************************************************************
2022-12-22 13:57:29,236 p=99666 u=twood5 n=ansible | ok: [jupiter]
2022-12-22 13:57:29,248 p=99666 u=twood5 n=ansible | TASK [Install basic dependencies] **************************************************************************************************************************
2022-12-22 13:57:30,711 p=99666 u=twood5 n=ansible | ok: [jupiter]
2022-12-22 13:57:30,725 p=99666 u=twood5 n=ansible | TASK [Enable ssh] ******************************************************************************************************************************************
2022-12-22 13:57:31,472 p=99666 u=twood5 n=ansible | ok: [jupiter]
2022-12-22 13:57:31,485 p=99666 u=twood5 n=ansible | TASK [Create Zpool] ****************************************************************************************************************************************
2022-12-22 13:57:32,278 p=99666 u=twood5 n=ansible | ok: [jupiter]
2022-12-22 13:57:32,293 p=99666 u=twood5 n=ansible | TASK [Create Ravencoin Blockchain Storage] *****************************************************************************************************************
2022-12-22 13:57:33,268 p=99666 u=twood5 n=ansible | ok: [jupiter]
2022-12-22 13:57:33,281 p=99666 u=twood5 n=ansible | TASK [Create local users] **********************************************************************************************************************************
2022-12-22 13:57:33,860 p=99666 u=twood5 n=ansible | ok: [jupiter] => (item=elw)
2022-12-22 13:57:33,875 p=99666 u=twood5 n=ansible | TASK [Add local users to docker group] *********************************************************************************************************************
2022-12-22 13:57:34,449 p=99666 u=twood5 n=ansible | ok: [jupiter] => (item=elw)
2022-12-22 13:57:34,473 p=99666 u=twood5 n=ansible | PLAY RECAP *************************************************************************************************************************************************
2022-12-22 13:57:34,473 p=99666 u=twood5 n=ansible | jupiter                    : ok=18   changed=2    unreachable=0    failed=0    skipped=0    rescued=0    ignored=0   
2022-12-22 14:02:52,742 p=1254 u=twood5 n=ansiblelint | Guessed /Users/twood5/git-work/personal/ansible-playbooks as project root directory
2022-12-22 14:02:53,238 p=1254 u=twood5 n=ansiblelint.utils | Overriding detected file kind 'yaml' with 'playbook' for given positional argument: /Users/twood5/git-work/personal/ansible-playbooks/jupiter.yaml
2022-12-22 14:03:05,035 p=1339 u=twood5 n=ansiblelint | Guessed /Users/twood5/git-work/personal/ansible-playbooks as project root directory
2022-12-22 14:03:05,491 p=1339 u=twood5 n=ansiblelint.utils | Overriding detected file kind 'yaml' with 'playbook' for given positional argument: /Users/twood5/git-work/personal/ansible-playbooks/jupiter.yaml
2022-12-22 14:03:05,799 p=1345 u=twood5 n=ansible | [WARNING]: Could not match supplied host pattern, ignoring: jupiter

2022-12-22 14:03:05,800 p=1345 u=twood5 n=ansible | playbook: jupiter.yaml
2022-12-22 14:03:44,830 p=1380 u=twood5 n=ansiblelint | Guessed /Users/twood5/git-work/personal/ansible-playbooks as project root directory
2022-12-22 14:03:45,308 p=1380 u=twood5 n=ansiblelint.utils | Overriding detected file kind 'yaml' with 'playbook' for given positional argument: /Users/twood5/git-work/personal/ansible-playbooks/jupiter.yaml
2022-12-22 14:03:45,632 p=1386 u=twood5 n=ansible | [WARNING]: Could not match supplied host pattern, ignoring: jupiter

2022-12-22 14:03:45,632 p=1386 u=twood5 n=ansible | playbook: jupiter.yaml
2022-12-22 14:04:21,280 p=1417 u=twood5 n=ansible |  [ERROR]: User interrupted execution

2022-12-22 14:18:09,189 p=3496 u=twood5 n=ansible |  [ERROR]: User interrupted execution

2022-12-22 14:18:12,123 p=3634 u=twood5 n=ansible | PLAY [Jupiter Setup] ***************************************************************************************************************************************
2022-12-22 14:18:12,131 p=3634 u=twood5 n=ansible | TASK [Gathering Facts] *************************************************************************************************************************************
2022-12-22 14:18:17,300 p=3634 u=twood5 n=ansible |  [ERROR]: User interrupted execution

2022-12-22 14:18:21,662 p=3868 u=twood5 n=ansible | PLAY [Jupiter Setup] ***************************************************************************************************************************************
2022-12-22 14:18:21,668 p=3868 u=twood5 n=ansible | TASK [Gathering Facts] *************************************************************************************************************************************
2022-12-22 14:18:23,916 p=3868 u=twood5 n=ansible | ok: [jupiter]
2022-12-22 14:18:23,926 p=3868 u=twood5 n=ansible | TASK [raven-node : Add rave group] *************************************************************************************************************************
2022-12-22 14:18:24,509 p=3868 u=twood5 n=ansible | ok: [jupiter]
2022-12-22 14:18:24,524 p=3868 u=twood5 n=ansible | TASK [raven-node : Add raven user] *************************************************************************************************************************
2022-12-22 14:18:25,156 p=3868 u=twood5 n=ansible | ok: [jupiter]
2022-12-22 14:18:25,169 p=3868 u=twood5 n=ansible | TASK [raven-node : Download] *******************************************************************************************************************************
2022-12-22 14:18:27,486 p=3868 u=twood5 n=ansible | ok: [jupiter]
2022-12-22 14:18:27,500 p=3868 u=twood5 n=ansible | TASK [raven-node : Extract Raven archive] ******************************************************************************************************************
2022-12-22 14:18:30,267 p=3868 u=twood5 n=ansible | skipping: [jupiter]
2022-12-22 14:18:30,276 p=3868 u=twood5 n=ansible | TASK [raven-node : Link raven-cli] *************************************************************************************************************************
2022-12-22 14:18:30,864 p=3868 u=twood5 n=ansible | ok: [jupiter]
2022-12-22 14:18:30,876 p=3868 u=twood5 n=ansible | TASK [raven-node : Link ravend] ****************************************************************************************************************************
2022-12-22 14:18:31,420 p=3868 u=twood5 n=ansible | ok: [jupiter]
2022-12-22 14:18:31,442 p=3868 u=twood5 n=ansible | TASK [docker : Add docker apt key] *************************************************************************************************************************
2022-12-22 14:18:32,466 p=3868 u=twood5 n=ansible | changed: [jupiter]
2022-12-22 14:18:32,478 p=3868 u=twood5 n=ansible | TASK [docker : Add docker repo] ****************************************************************************************************************************
2022-12-22 14:18:33,610 p=3868 u=twood5 n=ansible | ok: [jupiter]
2022-12-22 14:18:33,622 p=3868 u=twood5 n=ansible | TASK [docker : Install docker and dependencies] ************************************************************************************************************
2022-12-22 14:18:34,641 p=3868 u=twood5 n=ansible | ok: [jupiter]
2022-12-22 14:18:34,656 p=3868 u=twood5 n=ansible | TASK [docker : Ensure Docker is running] *******************************************************************************************************************
2022-12-22 14:18:35,510 p=3868 u=twood5 n=ansible | ok: [jupiter]
2022-12-22 14:18:35,530 p=3868 u=twood5 n=ansible | TASK [Get all groups] **************************************************************************************************************************************
2022-12-22 14:18:36,098 p=3868 u=twood5 n=ansible | ok: [jupiter]
2022-12-22 14:18:36,107 p=3868 u=twood5 n=ansible | TASK [Install basic dependencies] **************************************************************************************************************************
2022-12-22 14:18:37,102 p=3868 u=twood5 n=ansible | ok: [jupiter]
2022-12-22 14:18:37,115 p=3868 u=twood5 n=ansible | TASK [Enable ssh] ******************************************************************************************************************************************
2022-12-22 14:18:37,821 p=3868 u=twood5 n=ansible | ok: [jupiter]
2022-12-22 14:18:37,831 p=3868 u=twood5 n=ansible | TASK [Create Zpool] ****************************************************************************************************************************************
2022-12-22 14:18:38,404 p=3868 u=twood5 n=ansible | ok: [jupiter]
2022-12-22 14:18:38,417 p=3868 u=twood5 n=ansible | TASK [Create Ravencoin Blockchain Storage] *****************************************************************************************************************
2022-12-22 14:18:39,146 p=3868 u=twood5 n=ansible | [0;31m--- before: tank/rvn[0m
[0;31m[0m[0;32m+++ after: tank/rvn[0m
[0;32m[0m[0;36m@@ -1,5 +1,5 @@[0m
[0;36m[0m {
     "extra_zfs_properties": {
[0;31m-        "quota": "214748364800"[0m
[0;31m[0m[0;32m+        "quota": "200G"[0m
[0;32m[0m     }
 }


2022-12-22 14:18:39,146 p=3868 u=twood5 n=ansible | changed: [jupiter]
2022-12-22 14:18:39,159 p=3868 u=twood5 n=ansible | TASK [Create local users] **********************************************************************************************************************************
2022-12-22 14:18:39,728 p=3868 u=twood5 n=ansible | ok: [jupiter] => (item=elw)
2022-12-22 14:18:39,743 p=3868 u=twood5 n=ansible | TASK [Add local users to docker group] *********************************************************************************************************************
2022-12-22 14:18:40,328 p=3868 u=twood5 n=ansible | ok: [jupiter] => (item=elw)
2022-12-22 14:18:40,351 p=3868 u=twood5 n=ansible | PLAY RECAP *************************************************************************************************************************************************
2022-12-22 14:18:40,352 p=3868 u=twood5 n=ansible | jupiter                    : ok=17   changed=2    unreachable=0    failed=0    skipped=1    rescued=0    ignored=0   
2022-12-22 14:20:14,677 p=4626 u=twood5 n=ansiblelint | Guessed /Users/twood5/git-work/personal/ansible-playbooks as project root directory
2022-12-22 14:20:15,246 p=4626 u=twood5 n=ansiblelint.utils | Overriding detected file kind 'yaml' with 'playbook' for given positional argument: /Users/twood5/git-work/personal/ansible-playbooks/jupiter.yaml
2022-12-22 14:20:15,589 p=4664 u=twood5 n=ansible | [WARNING]: Could not match supplied host pattern, ignoring: jupiter

2022-12-22 14:20:15,589 p=4664 u=twood5 n=ansible | playbook: jupiter.yaml
2022-12-22 14:21:01,698 p=4821 u=twood5 n=ansible | PLAY [Jupiter Setup] ***************************************************************************************************************************************
2022-12-22 14:21:01,706 p=4821 u=twood5 n=ansible | TASK [Gathering Facts] *************************************************************************************************************************************
2022-12-22 14:21:04,691 p=4821 u=twood5 n=ansible | ok: [jupiter]
2022-12-22 14:21:04,703 p=4821 u=twood5 n=ansible | TASK [raven-node : Add rave group] *************************************************************************************************************************
2022-12-22 14:21:05,259 p=4821 u=twood5 n=ansible | ok: [jupiter]
2022-12-22 14:21:05,272 p=4821 u=twood5 n=ansible | TASK [raven-node : Add raven user] *************************************************************************************************************************
2022-12-22 14:21:05,918 p=4821 u=twood5 n=ansible | ok: [jupiter]
2022-12-22 14:21:05,931 p=4821 u=twood5 n=ansible | TASK [raven-node : Download] *******************************************************************************************************************************
2022-12-22 14:21:08,451 p=4821 u=twood5 n=ansible | ok: [jupiter]
2022-12-22 14:21:08,465 p=4821 u=twood5 n=ansible | TASK [raven-node : Extract Raven archive] ******************************************************************************************************************
2022-12-22 14:21:11,149 p=4821 u=twood5 n=ansible | skipping: [jupiter]
2022-12-22 14:21:11,162 p=4821 u=twood5 n=ansible | TASK [raven-node : Link raven-cli] *************************************************************************************************************************
2022-12-22 14:21:11,747 p=4821 u=twood5 n=ansible | ok: [jupiter]
2022-12-22 14:21:11,759 p=4821 u=twood5 n=ansible | TASK [raven-node : Link ravend] ****************************************************************************************************************************
2022-12-22 14:21:12,333 p=4821 u=twood5 n=ansible | ok: [jupiter]
2022-12-22 14:21:12,354 p=4821 u=twood5 n=ansible | TASK [docker : Add docker apt key] *************************************************************************************************************************
2022-12-22 14:21:13,122 p=4821 u=twood5 n=ansible | fatal: [jupiter]: FAILED! => {"changed": false, "msg": "Unsupported parameters for (ansible.builtin.get_url) module: args. Supported parameters include: checksum, owner, client_key, setype, tmp_dest, client_cert, url_username (username), unredirected_headers, http_agent, validate_certs, dest, timeout, force, use_proxy, sha256sum, force_basic_auth, seuser, backup, headers, url, mode, attributes (attr), url_password (password), selevel, serole, use_gssapi, group, unsafe_writes."}
2022-12-22 14:21:13,124 p=4821 u=twood5 n=ansible | PLAY RECAP *************************************************************************************************************************************************
2022-12-22 14:21:13,124 p=4821 u=twood5 n=ansible | jupiter                    : ok=6    changed=0    unreachable=0    failed=1    skipped=1    rescued=0    ignored=0   
2022-12-22 14:24:49,012 p=5496 u=twood5 n=ansible | PLAY [Jupiter Setup] ***************************************************************************************************************************************
2022-12-22 14:24:49,019 p=5496 u=twood5 n=ansible | TASK [Gathering Facts] *************************************************************************************************************************************
2022-12-22 14:24:52,497 p=5496 u=twood5 n=ansible | ok: [jupiter]
2022-12-22 14:24:52,508 p=5496 u=twood5 n=ansible | TASK [raven-node : Add rave group] *************************************************************************************************************************
2022-12-22 14:24:53,091 p=5496 u=twood5 n=ansible | ok: [jupiter]
2022-12-22 14:24:53,103 p=5496 u=twood5 n=ansible | TASK [raven-node : Add raven user] *************************************************************************************************************************
2022-12-22 14:24:53,750 p=5496 u=twood5 n=ansible | ok: [jupiter]
2022-12-22 14:24:53,763 p=5496 u=twood5 n=ansible | TASK [raven-node : Download] *******************************************************************************************************************************
2022-12-22 14:24:56,017 p=5496 u=twood5 n=ansible | ok: [jupiter]
2022-12-22 14:24:56,031 p=5496 u=twood5 n=ansible | TASK [raven-node : Extract Raven archive] ******************************************************************************************************************
2022-12-22 14:24:58,528 p=5496 u=twood5 n=ansible | skipping: [jupiter]
2022-12-22 14:24:58,533 p=5496 u=twood5 n=ansible | TASK [raven-node : Link raven-cli] *************************************************************************************************************************
2022-12-22 14:24:59,115 p=5496 u=twood5 n=ansible | ok: [jupiter]
2022-12-22 14:24:59,121 p=5496 u=twood5 n=ansible | TASK [raven-node : Link ravend] ****************************************************************************************************************************
2022-12-22 14:24:59,659 p=5496 u=twood5 n=ansible | ok: [jupiter]
2022-12-22 14:24:59,674 p=5496 u=twood5 n=ansible | TASK [docker : Add docker apt key] *************************************************************************************************************************
2022-12-22 14:25:00,307 p=5496 u=twood5 n=ansible | ok: [jupiter]
2022-12-22 14:25:00,315 p=5496 u=twood5 n=ansible | TASK [docker : Add docker repo] ****************************************************************************************************************************
2022-12-22 14:25:01,309 p=5496 u=twood5 n=ansible | ok: [jupiter]
2022-12-22 14:25:01,321 p=5496 u=twood5 n=ansible | TASK [docker : Install docker and dependencies] ************************************************************************************************************
2022-12-22 14:25:02,669 p=5496 u=twood5 n=ansible | ok: [jupiter]
2022-12-22 14:25:02,681 p=5496 u=twood5 n=ansible | TASK [docker : Ensure Docker is running] *******************************************************************************************************************
2022-12-22 14:25:03,592 p=5496 u=twood5 n=ansible | ok: [jupiter]
2022-12-22 14:25:03,613 p=5496 u=twood5 n=ansible | TASK [Get all groups] **************************************************************************************************************************************
2022-12-22 14:25:04,203 p=5496 u=twood5 n=ansible | ok: [jupiter]
2022-12-22 14:25:04,214 p=5496 u=twood5 n=ansible | TASK [Install basic dependencies] **************************************************************************************************************************
2022-12-22 14:25:05,228 p=5496 u=twood5 n=ansible | ok: [jupiter]
2022-12-22 14:25:05,239 p=5496 u=twood5 n=ansible | TASK [Enable ssh] ******************************************************************************************************************************************
2022-12-22 14:25:05,917 p=5496 u=twood5 n=ansible | ok: [jupiter]
2022-12-22 14:25:05,928 p=5496 u=twood5 n=ansible | TASK [Create Zpool] ****************************************************************************************************************************************
2022-12-22 14:25:06,587 p=5496 u=twood5 n=ansible | ok: [jupiter]
2022-12-22 14:25:06,599 p=5496 u=twood5 n=ansible | TASK [Create Ravencoin Blockchain Storage] *****************************************************************************************************************
2022-12-22 14:25:07,223 p=5496 u=twood5 n=ansible | [0;31m--- before: tank/rvn[0m
[0;31m[0m[0;32m+++ after: tank/rvn[0m
[0;32m[0m[0;36m@@ -1,5 +1,5 @@[0m
[0;36m[0m {
     "extra_zfs_properties": {
[0;31m-        "quota": "214748364800"[0m
[0;31m[0m[0;32m+        "quota": "200G"[0m
[0;32m[0m     }
 }


2022-12-22 14:25:07,224 p=5496 u=twood5 n=ansible | changed: [jupiter]
2022-12-22 14:25:07,237 p=5496 u=twood5 n=ansible | TASK [Create local users] **********************************************************************************************************************************
2022-12-22 14:25:07,791 p=5496 u=twood5 n=ansible | ok: [jupiter] => (item=elw)
2022-12-22 14:25:07,805 p=5496 u=twood5 n=ansible | TASK [Add local users to docker group] *********************************************************************************************************************
2022-12-22 14:25:08,377 p=5496 u=twood5 n=ansible | ok: [jupiter] => (item=elw)
2022-12-22 14:25:08,402 p=5496 u=twood5 n=ansible | PLAY RECAP *************************************************************************************************************************************************
2022-12-22 14:25:08,402 p=5496 u=twood5 n=ansible | jupiter                    : ok=17   changed=1    unreachable=0    failed=0    skipped=1    rescued=0    ignored=0   
2022-12-22 14:25:54,749 p=5943 u=twood5 n=ansiblelint | Guessed /Users/twood5/git-work/personal/ansible-playbooks as project root directory
2022-12-22 14:25:55,388 p=5943 u=twood5 n=ansiblelint.utils | Overriding detected file kind 'yaml' with 'playbook' for given positional argument: /Users/twood5/git-work/personal/ansible-playbooks/jupiter.yaml
2022-12-22 14:25:55,747 p=6103 u=twood5 n=ansible | [WARNING]: Could not match supplied host pattern, ignoring: jupiter

2022-12-22 14:25:55,764 p=6103 u=twood5 n=ansible | playbook: jupiter.yaml
2022-12-22 14:25:58,471 p=6122 u=twood5 n=ansible | PLAY [Jupiter Setup] ***************************************************************************************************************************************
2022-12-22 14:25:58,479 p=6122 u=twood5 n=ansible | TASK [Gathering Facts] *************************************************************************************************************************************
2022-12-22 14:26:00,725 p=6122 u=twood5 n=ansible | ok: [jupiter]
2022-12-22 14:26:00,737 p=6122 u=twood5 n=ansible | TASK [raven-node : Add raven group] ************************************************************************************************************************
2022-12-22 14:26:01,298 p=6122 u=twood5 n=ansible | ok: [jupiter]
2022-12-22 14:26:01,304 p=6122 u=twood5 n=ansible | TASK [raven-node : Add raven user] *************************************************************************************************************************
2022-12-22 14:26:01,928 p=6122 u=twood5 n=ansible | ok: [jupiter]
2022-12-22 14:26:01,934 p=6122 u=twood5 n=ansible | TASK [raven-node : Download] *******************************************************************************************************************************
2022-12-22 14:26:04,505 p=6122 u=twood5 n=ansible | ok: [jupiter]
2022-12-22 14:26:04,516 p=6122 u=twood5 n=ansible | TASK [raven-node : Extract Raven archive] ******************************************************************************************************************
2022-12-22 14:26:07,527 p=6122 u=twood5 n=ansible | skipping: [jupiter]
2022-12-22 14:26:07,540 p=6122 u=twood5 n=ansible | TASK [raven-node : Link raven-cli] *************************************************************************************************************************
2022-12-22 14:26:08,130 p=6122 u=twood5 n=ansible | ok: [jupiter]
2022-12-22 14:26:08,143 p=6122 u=twood5 n=ansible | TASK [raven-node : Link ravend] ****************************************************************************************************************************
2022-12-22 14:26:08,739 p=6122 u=twood5 n=ansible | ok: [jupiter]
2022-12-22 14:26:08,763 p=6122 u=twood5 n=ansible | TASK [docker : Add docker apt key] *************************************************************************************************************************
2022-12-22 14:26:09,425 p=6122 u=twood5 n=ansible | ok: [jupiter]
2022-12-22 14:26:09,438 p=6122 u=twood5 n=ansible | TASK [docker : Add docker repo] ****************************************************************************************************************************
2022-12-22 14:26:10,618 p=6122 u=twood5 n=ansible | ok: [jupiter]
2022-12-22 14:26:10,631 p=6122 u=twood5 n=ansible | TASK [docker : Install docker and dependencies] ************************************************************************************************************
2022-12-22 14:26:11,714 p=6122 u=twood5 n=ansible | ok: [jupiter]
2022-12-22 14:26:11,728 p=6122 u=twood5 n=ansible | TASK [docker : Ensure Docker is running] *******************************************************************************************************************
2022-12-22 14:26:12,751 p=6122 u=twood5 n=ansible | ok: [jupiter]
2022-12-22 14:26:12,772 p=6122 u=twood5 n=ansible | TASK [Get all groups] **************************************************************************************************************************************
2022-12-22 14:26:13,364 p=6122 u=twood5 n=ansible | ok: [jupiter]
2022-12-22 14:26:13,376 p=6122 u=twood5 n=ansible | TASK [Install basic dependencies] **************************************************************************************************************************
2022-12-22 14:26:14,775 p=6122 u=twood5 n=ansible | ok: [jupiter]
2022-12-22 14:26:14,799 p=6122 u=twood5 n=ansible | TASK [Enable ssh] ******************************************************************************************************************************************
2022-12-22 14:26:15,549 p=6122 u=twood5 n=ansible | ok: [jupiter]
2022-12-22 14:26:15,563 p=6122 u=twood5 n=ansible | TASK [Create Zpool] ****************************************************************************************************************************************
2022-12-22 14:26:16,164 p=6122 u=twood5 n=ansible | ok: [jupiter]
2022-12-22 14:26:16,177 p=6122 u=twood5 n=ansible | TASK [Create Ravencoin Blockchain Storage] *****************************************************************************************************************
2022-12-22 14:26:16,792 p=6122 u=twood5 n=ansible | [0;31m--- before: tank/rvn[0m
[0;31m[0m[0;32m+++ after: tank/rvn[0m
[0;32m[0m[0;36m@@ -1,5 +1,5 @@[0m
[0;36m[0m {
     "extra_zfs_properties": {
[0;31m-        "quota": "214748364800"[0m
[0;31m[0m[0;32m+        "quota": 214748364800[0m
[0;32m[0m     }
 }


2022-12-22 14:26:16,793 p=6122 u=twood5 n=ansible | changed: [jupiter]
2022-12-22 14:26:16,806 p=6122 u=twood5 n=ansible | TASK [Create local users] **********************************************************************************************************************************
2022-12-22 14:26:17,368 p=6122 u=twood5 n=ansible | ok: [jupiter] => (item=elw)
2022-12-22 14:26:17,383 p=6122 u=twood5 n=ansible | TASK [Add local users to docker group] *********************************************************************************************************************
2022-12-22 14:26:17,970 p=6122 u=twood5 n=ansible | ok: [jupiter] => (item=elw)
2022-12-22 14:26:17,995 p=6122 u=twood5 n=ansible | PLAY RECAP *************************************************************************************************************************************************
2022-12-22 14:26:17,995 p=6122 u=twood5 n=ansible | jupiter                    : ok=17   changed=1    unreachable=0    failed=0    skipped=1    rescued=0    ignored=0   
2022-12-22 14:26:27,862 p=6492 u=twood5 n=ansiblelint | Guessed /Users/twood5/git-work/personal/ansible-playbooks as project root directory
2022-12-22 14:26:28,341 p=6492 u=twood5 n=ansiblelint.utils | Overriding detected file kind 'yaml' with 'playbook' for given positional argument: /Users/twood5/git-work/personal/ansible-playbooks/jupiter.yaml
2022-12-22 14:26:28,678 p=6499 u=twood5 n=ansible | [WARNING]: Could not match supplied host pattern, ignoring: jupiter

2022-12-22 14:26:28,678 p=6499 u=twood5 n=ansible | playbook: jupiter.yaml
2022-12-22 14:26:30,903 p=6522 u=twood5 n=ansible | PLAY [Jupiter Setup] ***************************************************************************************************************************************
2022-12-22 14:26:30,911 p=6522 u=twood5 n=ansible | TASK [Gathering Facts] *************************************************************************************************************************************
2022-12-22 14:26:33,159 p=6522 u=twood5 n=ansible | ok: [jupiter]
2022-12-22 14:26:33,171 p=6522 u=twood5 n=ansible | TASK [raven-node : Add raven group] ************************************************************************************************************************
2022-12-22 14:26:33,716 p=6522 u=twood5 n=ansible | ok: [jupiter]
2022-12-22 14:26:33,723 p=6522 u=twood5 n=ansible | TASK [raven-node : Add raven user] *************************************************************************************************************************
2022-12-22 14:26:34,346 p=6522 u=twood5 n=ansible | ok: [jupiter]
2022-12-22 14:26:34,358 p=6522 u=twood5 n=ansible | TASK [raven-node : Download] *******************************************************************************************************************************
2022-12-22 14:26:36,669 p=6522 u=twood5 n=ansible | ok: [jupiter]
2022-12-22 14:26:36,683 p=6522 u=twood5 n=ansible | TASK [raven-node : Extract Raven archive] ******************************************************************************************************************
2022-12-22 14:26:39,226 p=6522 u=twood5 n=ansible | skipping: [jupiter]
2022-12-22 14:26:39,239 p=6522 u=twood5 n=ansible | TASK [raven-node : Link raven-cli] *************************************************************************************************************************
2022-12-22 14:26:39,842 p=6522 u=twood5 n=ansible | ok: [jupiter]
2022-12-22 14:26:39,848 p=6522 u=twood5 n=ansible | TASK [raven-node : Link ravend] ****************************************************************************************************************************
2022-12-22 14:26:40,362 p=6522 u=twood5 n=ansible | ok: [jupiter]
2022-12-22 14:26:40,384 p=6522 u=twood5 n=ansible | TASK [docker : Add docker apt key] *************************************************************************************************************************
2022-12-22 14:26:41,186 p=6522 u=twood5 n=ansible | ok: [jupiter]
2022-12-22 14:26:41,198 p=6522 u=twood5 n=ansible | TASK [docker : Add docker repo] ****************************************************************************************************************************
2022-12-22 14:26:42,077 p=6522 u=twood5 n=ansible | ok: [jupiter]
2022-12-22 14:26:42,091 p=6522 u=twood5 n=ansible | TASK [docker : Install docker and dependencies] ************************************************************************************************************
2022-12-22 14:26:43,136 p=6522 u=twood5 n=ansible | ok: [jupiter]
2022-12-22 14:26:43,149 p=6522 u=twood5 n=ansible | TASK [docker : Ensure Docker is running] *******************************************************************************************************************
2022-12-22 14:26:43,999 p=6522 u=twood5 n=ansible | ok: [jupiter]
2022-12-22 14:26:44,019 p=6522 u=twood5 n=ansible | TASK [Get all groups] **************************************************************************************************************************************
2022-12-22 14:26:44,773 p=6522 u=twood5 n=ansible | ok: [jupiter]
2022-12-22 14:26:44,795 p=6522 u=twood5 n=ansible | TASK [Install basic dependencies] **************************************************************************************************************************
2022-12-22 14:26:46,093 p=6522 u=twood5 n=ansible | ok: [jupiter]
2022-12-22 14:26:46,106 p=6522 u=twood5 n=ansible | TASK [Enable ssh] ******************************************************************************************************************************************
2022-12-22 14:26:46,817 p=6522 u=twood5 n=ansible | ok: [jupiter]
2022-12-22 14:26:46,832 p=6522 u=twood5 n=ansible | TASK [Create Zpool] ****************************************************************************************************************************************
2022-12-22 14:26:47,408 p=6522 u=twood5 n=ansible | ok: [jupiter]
2022-12-22 14:26:47,422 p=6522 u=twood5 n=ansible | TASK [Create Ravencoin Blockchain Storage] *****************************************************************************************************************
2022-12-22 14:26:48,142 p=6522 u=twood5 n=ansible | ok: [jupiter]
2022-12-22 14:26:48,151 p=6522 u=twood5 n=ansible | TASK [Create local users] **********************************************************************************************************************************
2022-12-22 14:26:48,716 p=6522 u=twood5 n=ansible | ok: [jupiter] => (item=elw)
2022-12-22 14:26:48,730 p=6522 u=twood5 n=ansible | TASK [Add local users to docker group] *********************************************************************************************************************
2022-12-22 14:26:49,308 p=6522 u=twood5 n=ansible | ok: [jupiter] => (item=elw)
2022-12-22 14:26:49,332 p=6522 u=twood5 n=ansible | PLAY RECAP *************************************************************************************************************************************************
2022-12-22 14:26:49,332 p=6522 u=twood5 n=ansible | jupiter                    : ok=17   changed=0    unreachable=0    failed=0    skipped=1    rescued=0    ignored=0   
